Execute Anonymous

================================

List<Opportunity> opptys = [select id, name from Opportunity where CreatedDate > : System.today()];
List<Account> accts = [select id, name from Account where CreatedDate > : System.today()];
System.debug(accts);
System.debug(opptys);

delete opptys;
delete accts;


================================

33.0 APEX_CODE,DEBUG;APEX_PROFILING,DEBUG;CALLOUT,INFO;DB,INFO;VALIDATION,INFO;WORKFLOW,INFO
Execute Anonymous: List<Opportunity> opptys = [select id, name from Opportunity where CreatedDate > : System.today()];
Execute Anonymous: List<Account> accts = [select id, name from Account where CreatedDate > : System.today()];
Execute Anonymous: System.debug(accts);
Execute Anonymous: System.debug(opptys);
Execute Anonymous: 
Execute Anonymous: delete opptys;
Execute Anonymous: delete accts;
21:28:14.030 (30862818)|EXECUTION_STARTED
21:28:14.030 (30874495)|CODE_UNIT_STARTED|[EXTERNAL]|execute_anonymous_apex
21:28:14.031 (31665924)|SOQL_EXECUTE_BEGIN|[1]|Aggregations:0|SELECT id, name FROM Opportunity WHERE CreatedDate > :tmpVar1
21:28:14.037 (37561175)|SOQL_EXECUTE_END|[1]|Rows:216
21:28:14.037 (37952539)|SOQL_EXECUTE_BEGIN|[2]|Aggregations:0|SELECT id, name FROM Account WHERE CreatedDate > :tmpVar1
21:28:14.041 (41336464)|SOQL_EXECUTE_END|[2]|Rows:10
21:28:14.041 (41510271)|USER_DEBUG|[3]|DEBUG|(Account:{Name=Sputter340, Id=00124000008EvHbAAK}, Account:{Name=Northwind, Id=00124000008EvHcAAK}, Account:{Name=First Amalgamated, Id=00124000008EvHdAAK}, Account:{Name=Crocker Bank, Id=00124000008EvHeAAK}, Account:{Name=BCP Chem, Id=00124000008EvHfAAK}, Account:{Name=FSAB, Id=00124000008EvHgAAK}, Account:{Name=Daxell Corp, Id=00124000008EvHhAAK}, Account:{Name=Laemle Turnkey Solutions, Id=00124000008EvHiAAK}, Account:{Name=Pack Flat, Id=00124000008EvHjAAK}, Account:{Name=Corwin Tully, LLC., Id=00124000008EvHkAAK})
21:28:14.041 (41623050)|USER_DEBUG|[4]|DEBUG|(Opportunity:{Name=First Amalgamated - 39 Units, Id=006240000047wcTAAQ}, Opportunity:{Name=Crocker Bank - 39 Units, Id=006240000047wcUAAQ}, Opportunity:{Name=BCP Chem - 90 Units, Id=006240000047wcVAAQ}, Opportunity:{Name=FSAB - 16 Units, Id=006240000047wcWAAQ}, Opportunity:{Name=Daxell Corp - 16 Units, Id=006240000047wcXAAQ}, Opportunity:{Name=Laemle Turnkey Solutions - 23 Units, Id=006240000047wcYAAQ}, Opportunity:{Name=Pack Flat - 94 Units, Id=006240000047wcZAAQ}, Opportunity:{Name=Corwin Tully, LLC. - 34 Units, Id=006240000047wcaAAA}, Opportunity:{Name=First Amalgamated - 21 Units, Id=006240000047wcbAAA}, Opportunity:{Name=Crocker Bank - 81 Units, Id=006240000047wccAAA}, ...)
21:28:14.041 (41661869)|DML_BEGIN|[6]|Op:Delete|Type:Opportunity|Rows:216
21:28:15.401 (1401339567)|DML_END|[6]
21:28:15.401 (1401512385)|DML_BEGIN|[7]|Op:Delete|Type:Account|Rows:10
21:28:16.072 (2072899409)|DML_END|[7]
21:28:16.720 (2123418865)|CUMULATIVE_LIMIT_USAGE
21:28:16.720|LIMIT_USAGE_FOR_NS|(default)|
  Number of SOQL queries: 2 out of 100
  Number of query rows: 226 out of 50000
  Number of SOSL queries: 0 out of 20
  Number of DML statements: 2 out of 150
  Number of DML rows: 226 out of 10000
  Maximum CPU time: 0 out of 10000
  Maximum heap size: 0 out of 6000000
  Number of callouts: 0 out of 100
  Number of Email Invocations: 0 out of 10
  Number of future calls: 0 out of 50
  Number of queueable jobs added to the queue: 0 out of 50
  Number of Mobile Apex push calls: 0 out of 10

21:28:16.720|CUMULATIVE_LIMIT_USAGE_END

21:28:16.123 (2123452521)|CODE_UNIT_FINISHED|execute_anonymous_apex
21:28:16.124 (2124887713)|EXECUTION_FINISHED