Execute Anonymous

================================

System.debug(Math.floor(Math.random()*1000)*10000);

================================

33.0 APEX_CODE,DEBUG;APEX_PROFILING,DEBUG;CALLOUT,INFO;DB,INFO;VALIDATION,INFO;WORKFLOW,INFO
Execute Anonymous: System.debug(Math.floor(Math.random()*1000)*10000);
15:39:27.030 (30285704)|EXECUTION_STARTED
15:39:27.030 (30294227)|CODE_UNIT_STARTED|[EXTERNAL]|execute_anonymous_apex
15:39:27.030 (30979434)|USER_DEBUG|[1]|DEBUG|8810000.0
15:39:27.847 (31015947)|CUMULATIVE_LIMIT_USAGE
15:39:27.847|LIMIT_USAGE_FOR_NS|(default)|
  Number of SOQL queries: 0 out of 100
  Number of query rows: 0 out of 50000
  Number of SOSL queries: 0 out of 20
  Number of DML statements: 0 out of 150
  Number of DML rows: 0 out of 10000
  Maximum CPU time: 0 out of 10000
  Maximum heap size: 0 out of 6000000
  Number of callouts: 0 out of 100
  Number of Email Invocations: 0 out of 10
  Number of future calls: 0 out of 50
  Number of queueable jobs added to the queue: 0 out of 50
  Number of Mobile Apex push calls: 0 out of 10

15:39:27.847|CUMULATIVE_LIMIT_USAGE_END

15:39:27.031 (31041984)|CODE_UNIT_FINISHED|execute_anonymous_apex
15:39:27.032 (32209264)|EXECUTION_FINISHED