Execute Anonymous

================================

System.debug(Math.random());

================================

33.0 APEX_CODE,DEBUG;APEX_PROFILING,DEBUG;CALLOUT,INFO;DB,INFO;VALIDATION,INFO;WORKFLOW,INFO
Execute Anonymous: System.debug(Math.random());
15:35:17.047 (47204620)|EXECUTION_STARTED
15:35:17.047 (47215193)|CODE_UNIT_STARTED|[EXTERNAL]|execute_anonymous_apex
15:35:17.047 (47910298)|USER_DEBUG|[1]|DEBUG|0.6107048765909052
15:35:17.990 (47949036)|CUMULATIVE_LIMIT_USAGE
15:35:17.990|LIMIT_USAGE_FOR_NS|(default)|
  Number of SOQL queries: 0 out of 100
  Number of query rows: 0 out of 50000
  Number of SOSL queries: 0 out of 20
  Number of DML statements: 0 out of 150
  Number of DML rows: 0 out of 10000
  Maximum CPU time: 0 out of 10000
  Maximum heap size: 0 out of 6000000
  Number of callouts: 0 out of 100
  Number of Email Invocations: 0 out of 10
  Number of future calls: 0 out of 50
  Number of queueable jobs added to the queue: 0 out of 50
  Number of Mobile Apex push calls: 0 out of 10

15:35:17.990|CUMULATIVE_LIMIT_USAGE_END

15:35:17.047 (47979434)|CODE_UNIT_FINISHED|execute_anonymous_apex
15:35:17.049 (49058907)|EXECUTION_FINISHED