Execute Anonymous

================================

System.debug(System.today() -1);

List<Account> accts = [select name,id from Account where  CreatedDate > : System.today() ];

System.debug(accts);

================================

33.0 APEX_CODE,DEBUG;APEX_PROFILING,DEBUG;CALLOUT,INFO;DB,INFO;VALIDATION,INFO;WORKFLOW,INFO
Execute Anonymous: System.debug(System.today() -1);
Execute Anonymous: 
Execute Anonymous: List<Account> accts = [select name,id from Account where  CreatedDate > : System.today() ];
Execute Anonymous: 
Execute Anonymous: System.debug(accts);
16:24:24.026 (26433223)|EXECUTION_STARTED
16:24:24.026 (26450219)|CODE_UNIT_STARTED|[EXTERNAL]|execute_anonymous_apex
16:24:24.027 (27216084)|USER_DEBUG|[1]|DEBUG|2015-05-07 00:00:00
16:24:24.027 (27514104)|SOQL_EXECUTE_BEGIN|[3]|Aggregations:0|SELECT name, id FROM Account WHERE CreatedDate > :tmpVar1
16:24:24.058 (58092612)|SOQL_EXECUTE_END|[3]|Rows:1
16:24:24.058 (58339333)|USER_DEBUG|[5]|DEBUG|(Account:{Name=test, Id=00124000008Dk6FAAS})
16:24:24.589 (58416255)|CUMULATIVE_LIMIT_USAGE
16:24:24.589|LIMIT_USAGE_FOR_NS|(default)|
  Number of SOQL queries: 1 out of 100
  Number of query rows: 1 out of 50000
  Number of SOSL queries: 0 out of 20
  Number of DML statements: 0 out of 150
  Number of DML rows: 0 out of 10000
  Maximum CPU time: 0 out of 10000
  Maximum heap size: 0 out of 6000000
  Number of callouts: 0 out of 100
  Number of Email Invocations: 0 out of 10
  Number of future calls: 0 out of 50
  Number of queueable jobs added to the queue: 0 out of 50
  Number of Mobile Apex push calls: 0 out of 10

16:24:24.589|CUMULATIVE_LIMIT_USAGE_END

16:24:24.058 (58481871)|CODE_UNIT_FINISHED|execute_anonymous_apex
16:24:24.059 (59693710)|EXECUTION_FINISHED