Execute Anonymous

================================

System.debug(System.today() -1);

List<Account> accts = [select name,id from Account where  CreatedDate < : System.today() ];

System.debug(accts);

================================

33.0 APEX_CODE,DEBUG;APEX_PROFILING,DEBUG;CALLOUT,INFO;DB,INFO;VALIDATION,INFO;WORKFLOW,INFO
Execute Anonymous: System.debug(System.today() -1);
Execute Anonymous: 
Execute Anonymous: List<Account> accts = [select name,id from Account where  CreatedDate < : System.today() ];
Execute Anonymous: 
Execute Anonymous: System.debug(accts);
16:23:46.027 (27905856)|EXECUTION_STARTED
16:23:46.027 (27915977)|CODE_UNIT_STARTED|[EXTERNAL]|execute_anonymous_apex
16:23:46.028 (28490961)|USER_DEBUG|[1]|DEBUG|2015-05-07 00:00:00
16:23:46.028 (28703602)|SOQL_EXECUTE_BEGIN|[3]|Aggregations:0|SELECT name, id FROM Account WHERE CreatedDate < :tmpVar1
16:23:46.043 (43664418)|SOQL_EXECUTE_END|[3]|Rows:12
16:23:46.043 (43949657)|USER_DEBUG|[5]|DEBUG|(Account:{Name=GenePoint, Id=00124000007JoyHAAS}, Account:{Name=United Oil & Gas, UK, Id=00124000007JoyIAAS}, Account:{Name=United Oil & Gas, Singapore, Id=00124000007JoyJAAS}, Account:{Name=Edge Communications, Id=00124000007JoyKAAS}, Account:{Name=Burlington Textiles Corp of America, Id=00124000007JoyLAAS}, Account:{Name=Pyramid Construction Inc., Id=00124000007JoyMAAS}, Account:{Name=Dickenson plc, Id=00124000007JoyNAAS}, Account:{Name=Grand Hotels & Resorts Ltd, Id=00124000007JoyOAAS}, Account:{Name=Express Logistics and Transport, Id=00124000007JoyPAAS}, Account:{Name=University of Arizona, Id=00124000007JoyQAAS}, ...)
16:23:46.209 (44006630)|CUMULATIVE_LIMIT_USAGE
16:23:46.209|LIMIT_USAGE_FOR_NS|(default)|
  Number of SOQL queries: 1 out of 100
  Number of query rows: 12 out of 50000
  Number of SOSL queries: 0 out of 20
  Number of DML statements: 0 out of 150
  Number of DML rows: 0 out of 10000
  Maximum CPU time: 0 out of 10000
  Maximum heap size: 0 out of 6000000
  Number of callouts: 0 out of 100
  Number of Email Invocations: 0 out of 10
  Number of future calls: 0 out of 50
  Number of queueable jobs added to the queue: 0 out of 50
  Number of Mobile Apex push calls: 0 out of 10

16:23:46.209|CUMULATIVE_LIMIT_USAGE_END

16:23:46.044 (44044183)|CODE_UNIT_FINISHED|execute_anonymous_apex
16:23:46.045 (45321620)|EXECUTION_FINISHED