Execute Anonymous

================================

System.debug(System.today() -1);

//List<Account> accts = [select name,id from Account];

//System.debug(accts);

================================

33.0 APEX_CODE,DEBUG;APEX_PROFILING,DEBUG;CALLOUT,INFO;DB,INFO;VALIDATION,INFO;WORKFLOW,INFO
Execute Anonymous: System.debug(System.today() -1);
Execute Anonymous: 
Execute Anonymous: //List<Account> accts = [select name,id from Account];
Execute Anonymous: 
Execute Anonymous: //System.debug(accts);
16:22:05.024 (24685162)|EXECUTION_STARTED
16:22:05.024 (24692941)|CODE_UNIT_STARTED|[EXTERNAL]|execute_anonymous_apex
16:22:05.025 (25181326)|USER_DEBUG|[1]|DEBUG|2015-05-07 00:00:00
16:22:05.391 (25226159)|CUMULATIVE_LIMIT_USAGE
16:22:05.391|LIMIT_USAGE_FOR_NS|(default)|
  Number of SOQL queries: 0 out of 100
  Number of query rows: 0 out of 50000
  Number of SOSL queries: 0 out of 20
  Number of DML statements: 0 out of 150
  Number of DML rows: 0 out of 10000
  Maximum CPU time: 0 out of 10000
  Maximum heap size: 0 out of 6000000
  Number of callouts: 0 out of 100
  Number of Email Invocations: 0 out of 10
  Number of future calls: 0 out of 50
  Number of queueable jobs added to the queue: 0 out of 50
  Number of Mobile Apex push calls: 0 out of 10

16:22:05.391|CUMULATIVE_LIMIT_USAGE_END

16:22:05.025 (25245706)|CODE_UNIT_FINISHED|execute_anonymous_apex
16:22:05.026 (26437541)|EXECUTION_FINISHED