Execute Anonymous

================================

for (Integer i = 0 ; i < 100; i++){
 System.debug(Math.floor(Math.random()*100)*1000);
}

================================

33.0 APEX_CODE,DEBUG;APEX_PROFILING,DEBUG;CALLOUT,INFO;DB,INFO;VALIDATION,INFO;WORKFLOW,INFO
Execute Anonymous: for (Integer i = 0 ; i < 100; i++){
Execute Anonymous:  System.debug(Math.floor(Math.random()*100)*1000);
Execute Anonymous: }
15:42:09.019 (19949939)|EXECUTION_STARTED
15:42:09.019 (19959521)|CODE_UNIT_STARTED|[EXTERNAL]|execute_anonymous_apex
15:42:09.020 (20809398)|USER_DEBUG|[2]|DEBUG|30000.0
15:42:09.020 (20958768)|USER_DEBUG|[2]|DEBUG|82000.0
15:42:09.021 (21100540)|USER_DEBUG|[2]|DEBUG|23000.0
15:42:09.021 (21243209)|USER_DEBUG|[2]|DEBUG|27000.0
15:42:09.021 (21379517)|USER_DEBUG|[2]|DEBUG|43000.0
15:42:09.021 (21525877)|USER_DEBUG|[2]|DEBUG|34000.0
15:42:09.021 (21666404)|USER_DEBUG|[2]|DEBUG|12000.0
15:42:09.021 (21802023)|USER_DEBUG|[2]|DEBUG|73000.0
15:42:09.021 (21917472)|USER_DEBUG|[2]|DEBUG|44000.0
15:42:09.022 (22018103)|USER_DEBUG|[2]|DEBUG|35000.0
15:42:09.022 (22118360)|USER_DEBUG|[2]|DEBUG|20000.0
15:42:09.022 (22253673)|USER_DEBUG|[2]|DEBUG|79000.0
15:42:09.022 (22400978)|USER_DEBUG|[2]|DEBUG|58000.0
15:42:09.022 (22543701)|USER_DEBUG|[2]|DEBUG|17000.0
15:42:09.022 (22660100)|USER_DEBUG|[2]|DEBUG|42000.0
15:42:09.022 (22746050)|USER_DEBUG|[2]|DEBUG|20000.0
15:42:09.022 (22820172)|USER_DEBUG|[2]|DEBUG|5000.0
15:42:09.022 (22893904)|USER_DEBUG|[2]|DEBUG|8000.0
15:42:09.022 (22966902)|USER_DEBUG|[2]|DEBUG|99000.0
15:42:09.023 (23039676)|USER_DEBUG|[2]|DEBUG|40000.0
15:42:09.023 (23113786)|USER_DEBUG|[2]|DEBUG|24000.0
15:42:09.023 (23193192)|USER_DEBUG|[2]|DEBUG|91000.0
15:42:09.023 (23268042)|USER_DEBUG|[2]|DEBUG|36000.0
15:42:09.023 (23341246)|USER_DEBUG|[2]|DEBUG|21000.0
15:42:09.023 (23413989)|USER_DEBUG|[2]|DEBUG|70000.0
15:42:09.023 (23486704)|USER_DEBUG|[2]|DEBUG|17000.0
15:42:09.023 (23559528)|USER_DEBUG|[2]|DEBUG|74000.0
15:42:09.023 (23632311)|USER_DEBUG|[2]|DEBUG|97000.0
15:42:09.023 (23705404)|USER_DEBUG|[2]|DEBUG|57000.0
15:42:09.023 (23778401)|USER_DEBUG|[2]|DEBUG|84000.0
15:42:09.023 (23851036)|USER_DEBUG|[2]|DEBUG|36000.0
15:42:09.023 (23923198)|USER_DEBUG|[2]|DEBUG|67000.0
15:42:09.023 (23995974)|USER_DEBUG|[2]|DEBUG|14000.0
15:42:09.024 (24067889)|USER_DEBUG|[2]|DEBUG|76000.0
15:42:09.024 (24141798)|USER_DEBUG|[2]|DEBUG|65000.0
15:42:09.024 (24219815)|USER_DEBUG|[2]|DEBUG|54000.0
15:42:09.024 (24293776)|USER_DEBUG|[2]|DEBUG|14000.0
15:42:09.024 (24367365)|USER_DEBUG|[2]|DEBUG|53000.0
15:42:09.024 (24440860)|USER_DEBUG|[2]|DEBUG|58000.0
15:42:09.024 (24514112)|USER_DEBUG|[2]|DEBUG|38000.0
15:42:09.024 (24587008)|USER_DEBUG|[2]|DEBUG|41000.0
15:42:09.024 (24659946)|USER_DEBUG|[2]|DEBUG|51000.0
15:42:09.024 (24733071)|USER_DEBUG|[2]|DEBUG|55000.0
15:42:09.024 (24807039)|USER_DEBUG|[2]|DEBUG|82000.0
15:42:09.024 (24880602)|USER_DEBUG|[2]|DEBUG|32000.0
15:42:09.024 (24953824)|USER_DEBUG|[2]|DEBUG|60000.0
15:42:09.025 (25027359)|USER_DEBUG|[2]|DEBUG|31000.0
15:42:09.025 (25100993)|USER_DEBUG|[2]|DEBUG|32000.0
15:42:09.025 (25177281)|USER_DEBUG|[2]|DEBUG|65000.0
15:42:09.025 (25253064)|USER_DEBUG|[2]|DEBUG|3000.0
15:42:09.025 (25325775)|USER_DEBUG|[2]|DEBUG|41000.0
15:42:09.025 (25398556)|USER_DEBUG|[2]|DEBUG|43000.0
15:42:09.025 (25471472)|USER_DEBUG|[2]|DEBUG|35000.0
15:42:09.025 (25544299)|USER_DEBUG|[2]|DEBUG|10000.0
15:42:09.025 (25616922)|USER_DEBUG|[2]|DEBUG|18000.0
15:42:09.025 (25689771)|USER_DEBUG|[2]|DEBUG|53000.0
15:42:09.025 (25762539)|USER_DEBUG|[2]|DEBUG|90000.0
15:42:09.025 (25835721)|USER_DEBUG|[2]|DEBUG|57000.0
15:42:09.025 (25909104)|USER_DEBUG|[2]|DEBUG|96000.0
15:42:09.025 (25981862)|USER_DEBUG|[2]|DEBUG|86000.0
15:42:09.026 (26054531)|USER_DEBUG|[2]|DEBUG|9000.0
15:42:09.026 (26128370)|USER_DEBUG|[2]|DEBUG|99000.0
15:42:09.026 (26206307)|USER_DEBUG|[2]|DEBUG|24000.0
15:42:09.026 (26279891)|USER_DEBUG|[2]|DEBUG|89000.0
15:42:09.026 (26352586)|USER_DEBUG|[2]|DEBUG|92000.0
15:42:09.026 (26425452)|USER_DEBUG|[2]|DEBUG|63000.0
15:42:09.026 (26498201)|USER_DEBUG|[2]|DEBUG|69000.0
15:42:09.026 (26570843)|USER_DEBUG|[2]|DEBUG|21000.0
15:42:09.026 (26643947)|USER_DEBUG|[2]|DEBUG|86000.0
15:42:09.026 (26717623)|USER_DEBUG|[2]|DEBUG|37000.0
15:42:09.026 (26794435)|USER_DEBUG|[2]|DEBUG|53000.0
15:42:09.026 (26868878)|USER_DEBUG|[2]|DEBUG|81000.0
15:42:09.026 (26942557)|USER_DEBUG|[2]|DEBUG|62000.0
15:42:09.027 (27016084)|USER_DEBUG|[2]|DEBUG|44000.0
15:42:09.027 (27090679)|USER_DEBUG|[2]|DEBUG|83000.0
15:42:09.027 (27163917)|USER_DEBUG|[2]|DEBUG|39000.0
15:42:09.027 (27241365)|USER_DEBUG|[2]|DEBUG|91000.0
15:42:09.027 (27314997)|USER_DEBUG|[2]|DEBUG|72000.0
15:42:09.027 (27387566)|USER_DEBUG|[2]|DEBUG|70000.0
15:42:09.027 (27473477)|USER_DEBUG|[2]|DEBUG|76000.0
15:42:09.027 (27548695)|USER_DEBUG|[2]|DEBUG|48000.0
15:42:09.027 (27622518)|USER_DEBUG|[2]|DEBUG|8000.0
15:42:09.027 (27695645)|USER_DEBUG|[2]|DEBUG|36000.0
15:42:09.027 (27768456)|USER_DEBUG|[2]|DEBUG|56000.0
15:42:09.027 (27841417)|USER_DEBUG|[2]|DEBUG|23000.0
15:42:09.027 (27913827)|USER_DEBUG|[2]|DEBUG|59000.0
15:42:09.027 (27985979)|USER_DEBUG|[2]|DEBUG|26000.0
15:42:09.028 (28058772)|USER_DEBUG|[2]|DEBUG|86000.0
15:42:09.028 (28133252)|USER_DEBUG|[2]|DEBUG|31000.0
15:42:09.028 (28212251)|USER_DEBUG|[2]|DEBUG|22000.0
15:42:09.028 (28285801)|USER_DEBUG|[2]|DEBUG|41000.0
15:42:09.028 (28358115)|USER_DEBUG|[2]|DEBUG|2000.0
15:42:09.028 (28441117)|USER_DEBUG|[2]|DEBUG|94000.0
15:42:09.028 (28516825)|USER_DEBUG|[2]|DEBUG|19000.0
15:42:09.028 (28590101)|USER_DEBUG|[2]|DEBUG|55000.0
15:42:09.028 (28662355)|USER_DEBUG|[2]|DEBUG|50000.0
15:42:09.028 (28735333)|USER_DEBUG|[2]|DEBUG|59000.0
15:42:09.028 (28823280)|USER_DEBUG|[2]|DEBUG|87000.0
15:42:09.028 (28897617)|USER_DEBUG|[2]|DEBUG|77000.0
15:42:09.028 (28971127)|USER_DEBUG|[2]|DEBUG|31000.0
15:42:09.239 (29013127)|CUMULATIVE_LIMIT_USAGE
15:42:09.239|LIMIT_USAGE_FOR_NS|(default)|
  Number of SOQL queries: 0 out of 100
  Number of query rows: 0 out of 50000
  Number of SOSL queries: 0 out of 20
  Number of DML statements: 0 out of 150
  Number of DML rows: 0 out of 10000
  Maximum CPU time: 0 out of 10000
  Maximum heap size: 0 out of 6000000
  Number of callouts: 0 out of 100
  Number of Email Invocations: 0 out of 10
  Number of future calls: 0 out of 50
  Number of queueable jobs added to the queue: 0 out of 50
  Number of Mobile Apex push calls: 0 out of 10

15:42:09.239|CUMULATIVE_LIMIT_USAGE_END

15:42:09.029 (29055991)|CODE_UNIT_FINISHED|execute_anonymous_apex
15:42:09.030 (30556727)|EXECUTION_FINISHED