Execute Anonymous

================================

List<Opportunity> opptys = [select id, name from Opportunity where CreatedDate > : System.today()];
List<Account> accts = [select id, name from Account where CreatedDate > : System.today()];
System.debug(accts);
System.debug(opptys);

delete opptys;
delete accts;


================================

33.0 APEX_CODE,DEBUG;APEX_PROFILING,DEBUG;CALLOUT,INFO;DB,INFO;VALIDATION,INFO;WORKFLOW,INFO
Execute Anonymous: List<Opportunity> opptys = [select id, name from Opportunity where CreatedDate > : System.today()];
Execute Anonymous: List<Account> accts = [select id, name from Account where CreatedDate > : System.today()];
Execute Anonymous: System.debug(accts);
Execute Anonymous: System.debug(opptys);
Execute Anonymous: 
Execute Anonymous: delete opptys;
Execute Anonymous: delete accts;
21:29:01.027 (27566302)|EXECUTION_STARTED
21:29:01.027 (27576860)|CODE_UNIT_STARTED|[EXTERNAL]|execute_anonymous_apex
21:29:01.028 (28335022)|SOQL_EXECUTE_BEGIN|[1]|Aggregations:0|SELECT id, name FROM Opportunity WHERE CreatedDate > :tmpVar1
21:29:01.032 (32002187)|SOQL_EXECUTE_END|[1]|Rows:0
21:29:01.032 (32213540)|SOQL_EXECUTE_BEGIN|[2]|Aggregations:0|SELECT id, name FROM Account WHERE CreatedDate > :tmpVar1
21:29:01.036 (36085506)|SOQL_EXECUTE_END|[2]|Rows:10
21:29:01.036 (36254503)|USER_DEBUG|[3]|DEBUG|(Account:{Name=BCP Chem, Id=00124000008Evn2AAC}, Account:{Name=Sputter340, Id=00124000008EvmyAAC}, Account:{Name=Northwind, Id=00124000008EvmzAAC}, Account:{Name=First Amalgamated, Id=00124000008Evn0AAC}, Account:{Name=Crocker Bank, Id=00124000008Evn1AAC}, Account:{Name=FSAB, Id=00124000008Evn3AAC}, Account:{Name=Daxell Corp, Id=00124000008Evn4AAC}, Account:{Name=Laemle Turnkey Solutions, Id=00124000008Evn5AAC}, Account:{Name=Pack Flat, Id=00124000008Evn6AAC}, Account:{Name=Corwin Tully, LLC., Id=00124000008Evn7AAC})
21:29:01.036 (36294102)|USER_DEBUG|[4]|DEBUG|()
21:29:01.036 (36398076)|DML_BEGIN|[7]|Op:Delete|Type:Account|Rows:10
21:29:01.532 (532296490)|DML_END|[7]
21:29:02.383 (540765474)|CUMULATIVE_LIMIT_USAGE
21:29:02.383|LIMIT_USAGE_FOR_NS|(default)|
  Number of SOQL queries: 2 out of 100
  Number of query rows: 10 out of 50000
  Number of SOSL queries: 0 out of 20
  Number of DML statements: 1 out of 150
  Number of DML rows: 10 out of 10000
  Maximum CPU time: 0 out of 10000
  Maximum heap size: 0 out of 6000000
  Number of callouts: 0 out of 100
  Number of Email Invocations: 0 out of 10
  Number of future calls: 0 out of 50
  Number of queueable jobs added to the queue: 0 out of 50
  Number of Mobile Apex push calls: 0 out of 10

21:29:02.383|CUMULATIVE_LIMIT_USAGE_END

21:29:01.540 (540798178)|CODE_UNIT_FINISHED|execute_anonymous_apex
21:29:01.542 (542413554)|EXECUTION_FINISHED