Execute Anonymous

================================

for (Integer i = 0 ; i < 100; i++){
 System.debug(Math.floor(Math.random()*100)*10000);
}

================================

33.0 APEX_CODE,DEBUG;APEX_PROFILING,DEBUG;CALLOUT,INFO;DB,INFO;VALIDATION,INFO;WORKFLOW,INFO
Execute Anonymous: for (Integer i = 0 ; i < 100; i++){
Execute Anonymous:  System.debug(Math.floor(Math.random()*100)*10000);
Execute Anonymous: }
15:40:31.031 (31328030)|EXECUTION_STARTED
15:40:31.031 (31337446)|CODE_UNIT_STARTED|[EXTERNAL]|execute_anonymous_apex
15:40:31.032 (32182535)|USER_DEBUG|[2]|DEBUG|700000.0
15:40:31.032 (32271901)|USER_DEBUG|[2]|DEBUG|810000.0
15:40:31.032 (32343101)|USER_DEBUG|[2]|DEBUG|990000.0
15:40:31.032 (32411637)|USER_DEBUG|[2]|DEBUG|210000.0
15:40:31.032 (32479628)|USER_DEBUG|[2]|DEBUG|470000.0
15:40:31.032 (32547671)|USER_DEBUG|[2]|DEBUG|300000.0
15:40:31.032 (32615296)|USER_DEBUG|[2]|DEBUG|550000.0
15:40:31.032 (32681923)|USER_DEBUG|[2]|DEBUG|160000.0
15:40:31.032 (32748871)|USER_DEBUG|[2]|DEBUG|500000.0
15:40:31.032 (32815505)|USER_DEBUG|[2]|DEBUG|520000.0
15:40:31.032 (32881458)|USER_DEBUG|[2]|DEBUG|850000.0
15:40:31.032 (32947146)|USER_DEBUG|[2]|DEBUG|190000.0
15:40:31.033 (33013093)|USER_DEBUG|[2]|DEBUG|960000.0
15:40:31.033 (33080630)|USER_DEBUG|[2]|DEBUG|370000.0
15:40:31.033 (33160692)|USER_DEBUG|[2]|DEBUG|170000.0
15:40:31.033 (33234097)|USER_DEBUG|[2]|DEBUG|120000.0
15:40:31.033 (33301306)|USER_DEBUG|[2]|DEBUG|680000.0
15:40:31.033 (33367527)|USER_DEBUG|[2]|DEBUG|520000.0
15:40:31.033 (33433591)|USER_DEBUG|[2]|DEBUG|400000.0
15:40:31.033 (33499928)|USER_DEBUG|[2]|DEBUG|360000.0
15:40:31.033 (33565831)|USER_DEBUG|[2]|DEBUG|920000.0
15:40:31.033 (33631754)|USER_DEBUG|[2]|DEBUG|900000.0
15:40:31.033 (33697378)|USER_DEBUG|[2]|DEBUG|510000.0
15:40:31.033 (33763137)|USER_DEBUG|[2]|DEBUG|600000.0
15:40:31.033 (33829236)|USER_DEBUG|[2]|DEBUG|670000.0
15:40:31.033 (33894799)|USER_DEBUG|[2]|DEBUG|870000.0
15:40:31.033 (33960107)|USER_DEBUG|[2]|DEBUG|690000.0
15:40:31.034 (34038222)|USER_DEBUG|[2]|DEBUG|40000.0
15:40:31.034 (34106846)|USER_DEBUG|[2]|DEBUG|670000.0
15:40:31.034 (34173232)|USER_DEBUG|[2]|DEBUG|960000.0
15:40:31.034 (34245038)|USER_DEBUG|[2]|DEBUG|210000.0
15:40:31.034 (34312450)|USER_DEBUG|[2]|DEBUG|190000.0
15:40:31.034 (34378978)|USER_DEBUG|[2]|DEBUG|530000.0
15:40:31.034 (34445354)|USER_DEBUG|[2]|DEBUG|830000.0
15:40:31.034 (34511812)|USER_DEBUG|[2]|DEBUG|430000.0
15:40:31.034 (34578007)|USER_DEBUG|[2]|DEBUG|710000.0
15:40:31.034 (34644171)|USER_DEBUG|[2]|DEBUG|430000.0
15:40:31.034 (34709567)|USER_DEBUG|[2]|DEBUG|790000.0
15:40:31.034 (34786205)|USER_DEBUG|[2]|DEBUG|430000.0
15:40:31.034 (34858804)|USER_DEBUG|[2]|DEBUG|300000.0
15:40:31.034 (34925929)|USER_DEBUG|[2]|DEBUG|710000.0
15:40:31.034 (34992723)|USER_DEBUG|[2]|DEBUG|410000.0
15:40:31.035 (35059365)|USER_DEBUG|[2]|DEBUG|940000.0
15:40:31.035 (35126740)|USER_DEBUG|[2]|DEBUG|220000.0
15:40:31.035 (35196153)|USER_DEBUG|[2]|DEBUG|970000.0
15:40:31.035 (35265359)|USER_DEBUG|[2]|DEBUG|880000.0
15:40:31.035 (35331540)|USER_DEBUG|[2]|DEBUG|90000.0
15:40:31.035 (35397997)|USER_DEBUG|[2]|DEBUG|180000.0
15:40:31.035 (35463979)|USER_DEBUG|[2]|DEBUG|640000.0
15:40:31.035 (35530265)|USER_DEBUG|[2]|DEBUG|920000.0
15:40:31.035 (35596883)|USER_DEBUG|[2]|DEBUG|530000.0
15:40:31.035 (35662705)|USER_DEBUG|[2]|DEBUG|150000.0
15:40:31.035 (35728347)|USER_DEBUG|[2]|DEBUG|60000.0
15:40:31.035 (35794067)|USER_DEBUG|[2]|DEBUG|850000.0
15:40:31.035 (35859841)|USER_DEBUG|[2]|DEBUG|240000.0
15:40:31.035 (35925009)|USER_DEBUG|[2]|DEBUG|770000.0
15:40:31.035 (35991548)|USER_DEBUG|[2]|DEBUG|580000.0
15:40:31.036 (36080120)|USER_DEBUG|[2]|DEBUG|770000.0
15:40:31.036 (36148893)|USER_DEBUG|[2]|DEBUG|20000.0
15:40:31.036 (36229400)|USER_DEBUG|[2]|DEBUG|750000.0
15:40:31.036 (36298689)|USER_DEBUG|[2]|DEBUG|760000.0
15:40:31.036 (36365363)|USER_DEBUG|[2]|DEBUG|720000.0
15:40:31.036 (36431220)|USER_DEBUG|[2]|DEBUG|290000.0
15:40:31.036 (36496926)|USER_DEBUG|[2]|DEBUG|620000.0
15:40:31.036 (36562572)|USER_DEBUG|[2]|DEBUG|230000.0
15:40:31.036 (36628370)|USER_DEBUG|[2]|DEBUG|770000.0
15:40:31.036 (36693542)|USER_DEBUG|[2]|DEBUG|280000.0
15:40:31.036 (36759191)|USER_DEBUG|[2]|DEBUG|250000.0
15:40:31.036 (36825370)|USER_DEBUG|[2]|DEBUG|940000.0
15:40:31.036 (36891834)|USER_DEBUG|[2]|DEBUG|700000.0
15:40:31.036 (36958196)|USER_DEBUG|[2]|DEBUG|340000.0
15:40:31.037 (37023956)|USER_DEBUG|[2]|DEBUG|250000.0
15:40:31.037 (37090879)|USER_DEBUG|[2]|DEBUG|150000.0
15:40:31.037 (37156932)|USER_DEBUG|[2]|DEBUG|740000.0
15:40:31.037 (37227972)|USER_DEBUG|[2]|DEBUG|90000.0
15:40:31.037 (37294631)|USER_DEBUG|[2]|DEBUG|290000.0
15:40:31.037 (37361439)|USER_DEBUG|[2]|DEBUG|240000.0
15:40:31.037 (37428398)|USER_DEBUG|[2]|DEBUG|740000.0
15:40:31.037 (37494513)|USER_DEBUG|[2]|DEBUG|700000.0
15:40:31.037 (37560255)|USER_DEBUG|[2]|DEBUG|410000.0
15:40:31.037 (37625782)|USER_DEBUG|[2]|DEBUG|840000.0
15:40:31.037 (37691245)|USER_DEBUG|[2]|DEBUG|110000.0
15:40:31.037 (37756485)|USER_DEBUG|[2]|DEBUG|480000.0
15:40:31.037 (37821746)|USER_DEBUG|[2]|DEBUG|0.0
15:40:31.037 (37887265)|USER_DEBUG|[2]|DEBUG|480000.0
15:40:31.037 (37952648)|USER_DEBUG|[2]|DEBUG|340000.0
15:40:31.038 (38017901)|USER_DEBUG|[2]|DEBUG|260000.0
15:40:31.038 (38084802)|USER_DEBUG|[2]|DEBUG|130000.0
15:40:31.038 (38150433)|USER_DEBUG|[2]|DEBUG|120000.0
15:40:31.038 (38221560)|USER_DEBUG|[2]|DEBUG|900000.0
15:40:31.038 (38288794)|USER_DEBUG|[2]|DEBUG|660000.0
15:40:31.038 (38354817)|USER_DEBUG|[2]|DEBUG|870000.0
15:40:31.038 (38420476)|USER_DEBUG|[2]|DEBUG|360000.0
15:40:31.038 (38486472)|USER_DEBUG|[2]|DEBUG|450000.0
15:40:31.038 (38552359)|USER_DEBUG|[2]|DEBUG|610000.0
15:40:31.038 (38617867)|USER_DEBUG|[2]|DEBUG|700000.0
15:40:31.038 (38683476)|USER_DEBUG|[2]|DEBUG|240000.0
15:40:31.038 (38749127)|USER_DEBUG|[2]|DEBUG|280000.0
15:40:31.038 (38815082)|USER_DEBUG|[2]|DEBUG|920000.0
15:40:31.038 (38881031)|USER_DEBUG|[2]|DEBUG|300000.0
15:40:31.864 (38925551)|CUMULATIVE_LIMIT_USAGE
15:40:31.864|LIMIT_USAGE_FOR_NS|(default)|
  Number of SOQL queries: 0 out of 100
  Number of query rows: 0 out of 50000
  Number of SOSL queries: 0 out of 20
  Number of DML statements: 0 out of 150
  Number of DML rows: 0 out of 10000
  Maximum CPU time: 0 out of 10000
  Maximum heap size: 0 out of 6000000
  Number of callouts: 0 out of 100
  Number of Email Invocations: 0 out of 10
  Number of future calls: 0 out of 50
  Number of queueable jobs added to the queue: 0 out of 50
  Number of Mobile Apex push calls: 0 out of 10

15:40:31.864|CUMULATIVE_LIMIT_USAGE_END

15:40:31.038 (38952196)|CODE_UNIT_FINISHED|execute_anonymous_apex
15:40:31.040 (40314786)|EXECUTION_FINISHED